"../../../../../../Users/Ryan/Documents/Unreal Projects/GravityBall/Content/FootstepSound/WaveFiles/Rattle_Stereo/rattle_stereo_1.uasset" 0
"../../../../../../Users/Ryan/Documents/Unreal Projects/GravityBall/Content/FootstepSound/WaveFiles/Rattle_Stereo/rattle_stereo_2.uasset" 1
"../../../../../../Users/Ryan/Documents/Unreal Projects/GravityBall/Content/FootstepSound/WaveFiles/Rattle_Stereo/rattle_stereo_3.uasset" 2
"../../../../../../Users/Ryan/Documents/Unreal Projects/GravityBall/Content/FootstepSound/WaveFiles/Rattle_Stereo/rattle_stereo_4.uasset" 3
"../../../../../../Users/Ryan/Documents/Unreal Projects/GravityBall/Content/FootstepSound/WaveFiles/Rattle_Stereo/rattle_stereo_5.uasset" 4
"../../../../../../Users/Ryan/Documents/Unreal Projects/GravityBall/Content/FootstepSound/WaveFiles/Rattle_Stereo/rattle_stereo_6.uasset" 5
"../../../../../../Users/Ryan/Documents/Unreal Projects/GravityBall/Content/StarterContent/Audio/Explosion01.uasset" 6
"../../../../../../Users/Ryan/Documents/Unreal Projects/GravityBall/Content/StarterContent/Audio/Explosion02.uasset" 7
"../../../../../../Users/Ryan/Documents/Unreal Projects/GravityBall/Content/StarterContent/Audio/Starter_Birds01.uasset" 8
"../../../../../../Users/Ryan/Documents/Unreal Projects/GravityBall/Content/StarterContent/Audio/Starter_Wind05.uasset" 9
"../../../../../../Users/Ryan/Documents/Unreal Projects/GravityBall/Content/StarterContent/Audio/Starter_Wind06.uasset" 10
"../../../../../../Users/Ryan/Documents/Unreal Projects/GravityBall/Content/ThirdPersonKit/Audio/FoleyBodyMoves/Mono/SW_FoleyBody_Land02.uasset" 11
"../../../../../../Users/Ryan/Documents/Unreal Projects/GravityBall/Content/ThirdPersonKit/Audio/FoleyBodyMoves/Mono/SW_FoleyBody_Land03.uasset" 12
"../../../../../../Users/Ryan/Documents/Unreal Projects/GravityBall/Content/ThirdPersonKit/Audio/FoleyBodyMoves/Mono/SW_FoleyBody_Land04.uasset" 13
"../../../../../../Users/Ryan/Documents/Unreal Projects/GravityBall/Content/ThirdPersonKit/Audio/FoleyBodyMoves/Mono/SW_FoleyBody_Land05.uasset" 14
"../../../../../../Users/Ryan/Documents/Unreal Projects/GravityBall/Content/ThirdPersonKit/Audio/Sci_fi_sounds/Impacts/SW_Bullet_MetalImpact01.uasset" 15
"../../../../../../Users/Ryan/Documents/Unreal Projects/GravityBall/Content/ThirdPersonKit/Audio/Sci_fi_sounds/Impacts/SW_Bullet_MetalImpact02.uasset" 16
"../../../../../../Users/Ryan/Documents/Unreal Projects/GravityBall/Content/ThirdPersonKit/Audio/Sci_fi_sounds/Impacts/SW_Bullet_MetalImpact03.uasset" 17
"../../../../../../Users/Ryan/Documents/Unreal Projects/GravityBall/Content/ThirdPersonKit/Audio/Sci_fi_sounds/Impacts/SW_Bullet_MetalImpact04.uasset" 18
"../../../../../../Users/Ryan/Documents/Unreal Projects/GravityBall/Content/ThirdPersonKit/Audio/Sci_fi_sounds/Impacts/SW_Bullet_MetalImpact05.uasset" 19
"../../../../../../Users/Ryan/Documents/Unreal Projects/GravityBall/Content/ThirdPersonKit/Audio/Sci_fi_sounds/Impacts/SW_Bullet_MetalImpact06.uasset" 20
"../../../../../../Users/Ryan/Documents/Unreal Projects/GravityBall/Content/ThirdPersonKit/Audio/Sci_fi_sounds/Impacts/SW_Bullet_MetalImpact07.uasset" 21
"../../../../../../Users/Ryan/Documents/Unreal Projects/GravityBall/Content/ThirdPersonKit/Audio/Weapon_AssaultRifle/Mono/SW_Weapon_AssaultRifle_Reload01.uasset" 22
"../../../../../../Users/Ryan/Documents/Unreal Projects/GravityBall/Content/ThirdPersonKit/Audio/Weapon_AssaultRifle/Mono/SW_Weapon_AssaultRifle_Reload02.uasset" 23
"../../../../../../Users/Ryan/Documents/Unreal Projects/GravityBall/Content/ThirdPersonKit/Audio/Weapon_AssaultRifle/Mono/SW_Weapon_AssaultRifle_Reload03.uasset" 24
"../../../Engine/Content/Functions/Engine_MaterialFunctions01/Opacity/CameraDepthFade.uasset" 25
"../../../Engine/Content/EngineMaterials/T_Default_Material_Grid_M.uasset" 26
"../../../Engine/Content/EngineMaterials/T_Default_Material_Grid_N.uasset" 27
"../../../Engine/Content/EngineMaterials/WorldGridMaterial.uasset" 28
"../../../Engine/Content/ArtTools/RenderToTexture/Meshes/S_1_Unit_Plane.uasset" 29
"../../../Engine/Content/EngineMaterials/DefaultMaterial.uasset" 30
"../../../Engine/Content/BasicShapes/Cone.uasset" 31
"../../../Engine/Content/BasicShapes/Cylinder.uasset" 32
"../../../Engine/Content/BasicShapes/Plane.uasset" 33
"../../../Engine/Content/EditorLandscapeResources/DataLayer.uasset" 34
"../../../Engine/Content/EditorMaterials/GizmoMaterial.uasset" 35
"../../../Engine/Content/EditorMaterials/MAT_Groups_Toggle.uasset" 36
"../../../Engine/Content/EditorMaterials/MAT_Groups_Visibility.uasset" 37
"../../../Engine/Content/EditorMaterials/PreviewShadowIndicator.uasset" 38
"../../../Engine/Content/EditorMaterials/PreviewShadowIndicatorMaterial.uasset" 39
"../../../Engine/Content/EditorMaterials/MatineeGroups/MAT_ColorTrack.uasset" 40
"../../../Engine/Content/EditorMaterials/MatineeGroups/MAT_Groups_Anim.uasset" 41
"../../../Engine/Content/EditorMaterials/MatineeGroups/MAT_Groups_AudioMaster.uasset" 42
"../../../Engine/Content/EditorMaterials/MatineeGroups/MAT_Groups_Director.uasset" 43
"../../../Engine/Content/EditorMaterials/MatineeGroups/MAT_Groups_Event.uasset" 44
"../../../Engine/Content/EditorMaterials/MatineeGroups/MAT_Groups_Fade.uasset" 45
"../../../Engine/Content/EditorMaterials/MatineeGroups/MAT_Groups_Float.uasset" 46
"../../../Engine/Content/EditorMaterials/MatineeGroups/MAT_Groups_Move.uasset" 47
"../../../Engine/Content/EditorMaterials/MatineeGroups/MAT_Groups_Slomo.uasset" 48
"../../../Engine/Content/EditorMaterials/MatineeGroups/MAT_Groups_Sound.uasset" 49
"../../../Engine/Content/EditorMaterials/MatineeGroups/MAT_Groups_Vector.uasset" 50
"../../../Engine/Content/EditorMaterials/ParticleSystems/PSysThumbnail_NoImage.uasset" 51
"../../../Engine/Content/EditorMaterials/ParticleSystems/PSysThumbnail_OOD.uasset" 52
"../../../Engine/Content/EditorMaterials/Camera/CineMat.uasset" 53
"../../../Engine/Content/EditorMaterials/Camera/MI_CineMat_Rig.uasset" 54
"../../../Engine/Content/EditorMeshes/Camera/SM_CraneRig_Arm.uasset" 55
"../../../Engine/Content/EditorMeshes/Camera/SM_CraneRig_Base.uasset" 56
"../../../Engine/Content/EditorMeshes/Camera/SM_CraneRig_Body.uasset" 57
"../../../Engine/Content/EditorMeshes/Camera/SM_CraneRig_Mount.uasset" 58
"../../../Engine/Content/EditorMeshes/Camera/SM_RailRig_Mount.uasset" 59
"../../../Engine/Content/EditorMeshes/Camera/SM_RailRig_Track.uasset" 60
"../../../Engine/Content/EditorResources/BSPVertex.uasset" 61
"../../../Engine/Content/EditorResources/EmptyActor.uasset" 62
"../../../Engine/Content/EditorResources/S_Actor.uasset" 63
"../../../Engine/Content/EditorResources/S_Trigger.uasset" 64
"../../../Engine/Content/EditorResources/AudioIcons/S_AudioComponent_AutoActivate.uasset" 65
"../../../Engine/Content/EditorResources/LightIcons/S_LightError.uasset" 66
"../../../Engine/Content/EditorResources/SequenceRecorder/Countdown.uasset" 67
"../../../Engine/Content/EditorResources/SequenceRecorder/RecordingIndicator.uasset" 68
"../../../Engine/Content/EditorSounds/Notifications/CompileFailed.uasset" 69
"../../../Engine/Content/EditorSounds/Notifications/CompileFailed_Cue.uasset" 70
"../../../Engine/Content/EditorSounds/Notifications/CompileSuccess.uasset" 71
"../../../Engine/Content/EditorSounds/Notifications/CompileStart_Cue.uasset" 72
"../../../Engine/Content/EditorSounds/Notifications/CompileSuccess_Cue.uasset" 73
"../../../Engine/Content/EngineDamageTypes/DmgTypeBP_Environmental.uasset" 74
"../../../Engine/Content/EngineDebugMaterials/HeatmapGradient.uasset" 75
"../../../Engine/Content/EngineDebugMaterials/BoneWeightMaterial.uasset" 76
"../../../Engine/Content/EngineDebugMaterials/ClothMaterial.uasset" 77
"../../../Engine/Content/EngineDebugMaterials/ClothMaterial_WF.uasset" 78
"../../../Engine/Content/EngineDebugMaterials/DebugEditorMaterial.uasset" 79
"../../../Engine/Content/EngineDebugMaterials/DebugMeshMaterial.uasset" 80
"../../../Engine/Content/EngineDebugMaterials/GeomMaterial.uasset" 81
"../../../Engine/Content/EngineDebugMaterials/M_SimpleTranslucent.uasset" 82
"../../../Engine/Content/EngineFonts/Faces/RobotoBold.uasset" 83
"../../../Engine/Content/EngineFonts/Faces/RobotoBoldItalic.uasset" 84
"../../../Engine/Content/EngineFonts/Faces/RobotoItalic.uasset" 85
"../../../Engine/Content/EngineFonts/Faces/RobotoLight.uasset" 86
"../../../Engine/Content/EngineFonts/Faces/RobotoRegular.uasset" 87
"../../../Engine/Content/EngineFonts/Roboto.uasset" 88
"../../../Engine/Content/EngineFonts/Faces/RobotoTiny.uasset" 89
"../../../Engine/Content/EngineFonts/RobotoTiny.uasset" 90
"../../../Engine/Content/EngineMaterials/BaseFlattenDiffuseMap.uasset" 91
"../../../Engine/Content/EngineMaterials/BaseFlattenEmissiveMap.uasset" 92
"../../../Engine/Content/EngineMaterials/BaseFlattenGrayscaleMap.uasset" 93
"../../../Engine/Content/EngineMaterials/BaseFlattenNormalMap.uasset" 94
"../../../Engine/Content/EngineMaterials/BaseFlattenMaterial.uasset" 95
"../../../Engine/Content/EngineMaterials/DefaultBloomKernel.uasset" 96
"../../../Engine/Content/EngineMaterials/DefaultBokeh.uasset" 97
"../../../Engine/Content/EngineMaterials/DefaultDiffuse.uasset" 98
"../../../Engine/Content/EngineMaterials/DefaultDeferredDecalMaterial.uasset" 99
"../../../Engine/Content/EngineMaterials/DefaultLightFunctionMaterial.uasset" 100
"../../../Engine/Content/EngineMaterials/DefaultPhysicalMaterial.uasset" 101
"../../../Engine/Content/Functions/Engine_MaterialFunctions02/Utility/BreakOutFloat2Components.uasset" 102
"../../../Engine/Content/EngineMaterials/DefaultPostProcessMaterial.uasset" 103
"../../../Engine/Content/EngineFonts/RobotoDistanceField.uasset" 104
"../../../Engine/Content/EngineMaterials/DefaultTextMaterialOpaque.uasset" 105
"../../../Engine/Content/EngineMaterials/DefaultWhiteGrid.uasset" 106
"../../../Engine/Content/EngineMaterials/EditorBrushMaterial.uasset" 107
"../../../Engine/Content/EngineMaterials/MiniFont.uasset" 108
"../../../Engine/Content/EngineMaterials/InvalidLightmapSettings.uasset" 109
"../../../Engine/Content/EngineMaterials/M_InvalidLightmapSettings.uasset" 110
"../../../Engine/Content/Functions/Engine_MaterialFunctions02/WorldPositionOffset/CameraOffset.uasset" 111
"../../../Engine/Content/EngineMaterials/PhAT_JointLimitMaterial.uasset" 112
"../../../Engine/Content/EngineMaterials/PreintegratedSkinBRDF.uasset" 113
"../../../Engine/Content/EngineMaterials/RemoveSurfaceMaterial.uasset" 114
"../../../Engine/Content/EngineMaterials/WeightMapPlaceholderTexture.uasset" 115
"../../../Engine/Content/EngineResources/WhiteSquareTexture.uasset" 116
"../../../Engine/Content/EngineMaterials/Widget3DPassThrough.uasset" 117
"../../../Engine/Content/EngineMaterials/Widget3DPassThrough_Masked.uasset" 118
"../../../Engine/Content/EngineMaterials/Widget3DPassThrough_Opaque.uasset" 119
"../../../Engine/Content/EngineMaterials/Widget3DPassThrough_Masked_OneSided.uasset" 120
"../../../Engine/Content/EngineMaterials/Widget3DPassThrough_Opaque_OneSided.uasset" 121
"../../../Engine/Content/EngineMaterials/Widget3DPassThrough_Translucent.uasset" 122
"../../../Engine/Content/EngineMaterials/Widget3DPassThrough_Translucent_OneSided.uasset" 123
"../../../Engine/Content/EngineMeshes/Cylinder.uasset" 124
"../../../Engine/Content/EngineMeshes/Sphere.uasset" 125
"../../../Engine/Content/EngineResources/DefaultTexture.uasset" 126
"../../../Engine/Content/EngineResources/DefaultTextureCube.uasset" 127
"../../../Engine/Content/EngineResources/DefaultVolumeTexture2D.uasset" 128
"../../../Engine/Content/EngineResources/DefaultVolumeTexture.uasset" 129
"../../../Engine/Content/EngineResources/GradientTexture0.uasset" 130
"../../../Engine/Content/Functions/Engine_MaterialFunctions01/Shading/ConvertFromDiffSpec.uasset" 131
"../../../Engine/Content/Functions/Engine_MaterialFunctions01/Shading/PowerToRoughness.uasset" 132
"../../../Engine/Content/Maps/Templates/Thumbnails/Default.uasset" 133
"../../../Engine/Content/Maps/Templates/Thumbnails/VR-Basic.uasset" 134
"../../../Engine/Content/MobileResources/T_MobileControls_texture.uasset" 135
"../../../Engine/Content/MobileResources/T_MobileMenu2.uasset" 136
"../../../Engine/Content/MobileResources/HUD/AnalogHat.uasset" 137
"../../../Engine/Content/MobileResources/HUD/VirtualJoystick_Background.uasset" 138
"../../../Engine/Content/MobileResources/HUD/VirtualJoystick_Thumb.uasset" 139
"../../../Engine/Content/MobileResources/HUD/DefaultVirtualJoysticks.uasset" 140
"../../../Engine/Content/MobileResources/HUD/LeftVirtualJoystickOnly.uasset" 141
"../../../Engine/Content/MobileResources/HUD/MobileHUDButton1_off.uasset" 142
"../../../Engine/Content/MobileResources/HUD/MobileHUDButton1_on.uasset" 143
"../../../Engine/Content/MobileResources/HUD/MobileHUDButton2_off.uasset" 144
"../../../Engine/Content/MobileResources/HUD/MobileHUDButton2_on.uasset" 145
"../../../Engine/Content/MobileResources/HUD/MobileHUDButton3.uasset" 146
"../../../Engine/Content/MobileResources/HUD/MobileHUDButtonFire.uasset" 147
"../../../Engine/Content/MobileResources/HUD/MobileHUDDirectionPad.uasset" 148
"../../../Engine/Content/MobileResources/HUD/MobileHUDDirectionPad2.uasset" 149
"../../../Engine/Content/MobileResources/HUD/MobileHUDDirectionPad3.uasset" 150
"../../../Engine/Content/MobileResources/HUD/MobileHUDDirectionStick.uasset" 151
"../../../Engine/Content/MobileResources/HUD/T_Castle_ThumbstickInner.uasset" 152
"../../../Engine/Content/MobileResources/HUD/T_Castle_ThumbstickOutter.uasset" 153
"../../../Engine/Content/Tutorial/ContentIntroCurve.uasset" 154
"../../../Engine/Content/Tutorial/Basics/TutorialAssets/icon_tab_Levels_40x.uasset" 155
"../../../Engine/Content/VREditor/LaserPointer/VR_LaserPower_01.uasset" 156
"../../../Engine/Content/VREditor/TransformGizmo/TransformGizmoMaterial.uasset" 157
"../../../Engine/Content/VREditor/TransformGizmo/TranslucentTransformGizmoMaterial.uasset" 158
"../../../Engine/Content/VREditor/TransformGizmo/BoundingBoxCorner.uasset" 159
"../../../Engine/Content/VREditor/TransformGizmo/BoundingBoxEdge.uasset" 160
"../../../Engine/Content/VREditor/TransformGizmo/PlaneTranslationHandle.uasset" 161
"../../../Engine/Content/VREditor/TransformGizmo/Main.uasset" 162
"../../../Engine/Content/VREditor/TransformGizmo/Xray.uasset" 163
"../../../Engine/Content/VREditor/TransformGizmo/SM_Sequencer_Key.uasset" 164
"../../../Engine/Content/VREditor/TransformGizmo/SM_Sequencer_Node.uasset" 165
"../../Plugins/2D/Paper2D/Content/PlaceholderTextures/DummySpriteTexture.uasset" 166
"../../Plugins/2D/Paper2D/Content/DummySprite.uasset" 167
"../../Plugins/2D/Paper2D/Content/DefaultPaperTerrainMaterial.uasset" 168
"../../Plugins/2D/Paper2D/Content/DefaultSpriteMaterial.uasset" 169
"../../Plugins/2D/Paper2D/Content/MaskedUnlitSpriteMaterial.uasset" 170
"../../Plugins/2D/Paper2D/Content/OpaqueUnlitSpriteMaterial.uasset" 171
"../../Plugins/Runtime/Oculus/OculusVR/Content/Materials/PokeAHoleMaterial.uasset" 172
"../../Plugins/Runtime/Oculus/OculusVR/Content/Textures/GearVRController_AO.uasset" 173
"../../Plugins/Runtime/Oculus/OculusVR/Content/Textures/GearVRController_Color.uasset" 174
"../../Plugins/Runtime/Oculus/OculusVR/Content/Textures/GearVRController_Normal.uasset" 175
"../../Plugins/Runtime/Oculus/OculusVR/Content/Materials/GearVRControllerMaterial.uasset" 176
"../../Plugins/Runtime/Oculus/OculusVR/Content/Meshes/GearVrController.uasset" 177
"../../Plugins/Runtime/Oculus/OculusVR/Content/Textures/touchController_albedo.uasset" 178
"../../Plugins/Runtime/Oculus/OculusVR/Content/Textures/touchController_controlmap.uasset" 179
"../../Plugins/Runtime/Oculus/OculusVR/Content/Materials/touchController_mat.uasset" 180
"../../Plugins/Runtime/Oculus/OculusVR/Content/Meshes/LeftTouchController.uasset" 181
"../../Plugins/Runtime/Oculus/OculusVR/Content/Meshes/RiftHMD.uasset" 182
"../../Plugins/Runtime/Oculus/OculusVR/Content/Meshes/RightTouchController.uasset" 183
"../../../Engine/Content/EditorBlueprintResources/StandardMacros.uasset" 184
"../../../Engine/Content/EngineSky/C_Sky_Cloud_Color.uasset" 185
"../../../Engine/Content/EngineSky/C_Sky_Horizon_Color.uasset" 186
"../../../Engine/Content/EngineSky/C_Sky_Zenith_Color.uasset" 187
"../../../Engine/Content/EngineSky/T_Sky_Blue.uasset" 188
"../../../Engine/Content/EngineSky/T_Sky_Clouds_M.uasset" 189
"../../../Engine/Content/EngineSky/T_Sky_Stars.uasset" 190
"../../../Engine/Content/EngineSky/M_Sky_Panning_Clouds2.uasset" 191
"../../../Engine/Content/EngineSky/SM_SkySphere.uasset" 192
"../../../Engine/Content/EngineSky/BP_Sky_Sphere.uasset" 193
"../../../../../../Users/Ryan/Documents/Unreal Projects/GravityBall/Content/StarterContent/Maps/Minimal_Default_BuiltData.uasset" 194
"../../../../../../Users/Ryan/Documents/Unreal Projects/GravityBall/Content/StarterContent/Textures/T_MacroVariation.uasset" 195
"../../../../../../Users/Ryan/Documents/Unreal Projects/GravityBall/Content/StarterContent/Materials/M_Metal_Brushed_Nickel.uasset" 196
"../../../../../../Users/Ryan/Documents/Unreal Projects/GravityBall/Content/StarterContent/Textures/T_Metal_Aluminum_D.uasset" 197
"../../../../../../Users/Ryan/Documents/Unreal Projects/GravityBall/Content/StarterContent/Textures/T_Metal_Gold_N.uasset" 198
"../../../../../../Users/Ryan/Documents/Unreal Projects/GravityBall/Content/StarterContent/Materials/M_Metal_Burnished_Steel.uasset" 199
"../../../../../../Users/Ryan/Documents/Unreal Projects/GravityBall/Content/StarterContent/Textures/T_Metal_Copper_D.uasset" 200
"../../../../../../Users/Ryan/Documents/Unreal Projects/GravityBall/Content/StarterContent/Materials/M_Metal_Copper.uasset" 201
"../../../../../../Users/Ryan/Documents/Unreal Projects/GravityBall/Content/StarterContent/Textures/T_Chair_M.uasset" 202
"../../../../../../Users/Ryan/Documents/Unreal Projects/GravityBall/Content/StarterContent/Textures/T_Chair_N.uasset" 203
"../../../../../../Users/Ryan/Documents/Unreal Projects/GravityBall/Content/StarterContent/Props/Materials/M_Chair.uasset" 204
"../../../../../../Users/Ryan/Documents/Unreal Projects/GravityBall/Content/StarterContent/Textures/T_Statue_M.uasset" 205
"../../../../../../Users/Ryan/Documents/Unreal Projects/GravityBall/Content/StarterContent/Textures/T_Statue_N.uasset" 206
"../../../../../../Users/Ryan/Documents/Unreal Projects/GravityBall/Content/StarterContent/Props/Materials/M_StatueGlass.uasset" 207
"../../../../../../Users/Ryan/Documents/Unreal Projects/GravityBall/Content/StarterContent/Materials/M_Basic_Floor.uasset" 208
"../../../../../../Users/Ryan/Documents/Unreal Projects/GravityBall/Content/StarterContent/Architecture/Floor_400x400.uasset" 209
"../../../../../../Users/Ryan/Documents/Unreal Projects/GravityBall/Content/StarterContent/Audio/Starter_Background_Cue.uasset" 210
"../../../../../../Users/Ryan/Documents/Unreal Projects/GravityBall/Content/StarterContent/Props/SM_Chair.uasset" 211
"../../../../../../Users/Ryan/Documents/Unreal Projects/GravityBall/Content/StarterContent/Props/Materials/M_Statue.uasset" 212
"../../../../../../Users/Ryan/Documents/Unreal Projects/GravityBall/Content/StarterContent/Props/SM_Statue.uasset" 213
"../../../../../../Users/Ryan/Documents/Unreal Projects/GravityBall/Content/StarterContent/Textures/T_TableRound_M.uasset" 214
"../../../../../../Users/Ryan/Documents/Unreal Projects/GravityBall/Content/StarterContent/Textures/T_TableRound_N.uasset" 215
"../../../../../../Users/Ryan/Documents/Unreal Projects/GravityBall/Content/StarterContent/Props/Materials/M_TableRound.uasset" 216
"../../../../../../Users/Ryan/Documents/Unreal Projects/GravityBall/Content/StarterContent/Props/SM_TableRound.uasset" 217
"../../../../../../Users/Ryan/Documents/Unreal Projects/GravityBall/Content/StarterContent/Maps/Minimal_Default.umap" 218
"../../../../../../Users/Ryan/Documents/Unreal Projects/GravityBall/Content/OnlineStatsSystem/Blueprints/PlayerStats.uasset" 219
"../../../../../../Users/Ryan/Documents/Unreal Projects/GravityBall/Content/ThirdPersonKit/Blueprints/Enums/E_Teams.uasset" 220
"../../../../../../Users/Ryan/Documents/Unreal Projects/GravityBall/Content/ThirdPersonKit/Blueprints/PS_GravityBall.uasset" 221
"../../../Engine/Content/EditorBlueprintResources/ActorMacros.uasset" 222
"../../../../../../Users/Ryan/Documents/Unreal Projects/GravityBall/Content/UMGMenu/Blueprints/Structs/SSettings_Brightness.uasset" 223
"../../../../../../Users/Ryan/Documents/Unreal Projects/GravityBall/Content/UMGMenu/Blueprints/Structs/SSettings_Controls.uasset" 224
"../../../../../../Users/Ryan/Documents/Unreal Projects/GravityBall/Content/UMGMenu/Blueprints/Structs/SSettings_Display.uasset" 225
"../../../../../../Users/Ryan/Documents/Unreal Projects/GravityBall/Content/UMGMenu/Blueprints/Structs/SInputKeys.uasset" 226
"../../../../../../Users/Ryan/Documents/Unreal Projects/GravityBall/Content/UMGMenu/Blueprints/Structs/SSettings_InputKeys.uasset" 227
"../../../../../../Users/Ryan/Documents/Unreal Projects/GravityBall/Content/UMGMenu/Blueprints/Structs/SSettings_Player.uasset" 228
"../../../../../../Users/Ryan/Documents/Unreal Projects/GravityBall/Content/UMGMenu/Blueprints/Structs/SSettings_Quality.uasset" 229
"../../../../../../Users/Ryan/Documents/Unreal Projects/GravityBall/Content/UMGMenu/Blueprints/Structs/SSettings_Sounds.uasset" 230
"../../../../../../Users/Ryan/Documents/Unreal Projects/GravityBall/Content/UMGMenu/Blueprints/BP_SaveSettings.uasset" 231
"../../../../../../Users/Ryan/Documents/Unreal Projects/GravityBall/Content/UMGMenu/Blueprints/Structs/SPlayerInformation.uasset" 232
"../../../../../../Users/Ryan/Documents/Unreal Projects/GravityBall/Content/UMGMenu/Blueprints/BP_SaveGame.uasset" 233
"../../../../../../Users/Ryan/Documents/Unreal Projects/GravityBall/Content/UMGMenu/Blueprints/Structs/SInputKey.uasset" 234
"../../../../../../Users/Ryan/Documents/Unreal Projects/GravityBall/Content/UMGMenu/Blueprints/Structs/SYarminSymbols.uasset" 235
"../../../../../../Users/Ryan/Documents/Unreal Projects/GravityBall/Content/UMGMenu/Miscs/DT_YarminSymbols.uasset" 236
"../../../../../../Users/Ryan/Documents/Unreal Projects/GravityBall/Content/UMGMenu/Blueprints/Enums/ESaveGameType.uasset" 237
"../../../../../../Users/Ryan/Documents/Unreal Projects/GravityBall/Content/UMGMenu/Textures/Icons_XboxOne/T_XboxOne_Empty.uasset" 238
"../../../../../../Users/Ryan/Documents/Unreal Projects/GravityBall/Content/UMGMenu/Blueprints/BPFL__FunctionLibrary.uasset" 239
"../../../../../../Users/Ryan/Documents/Unreal Projects/GravityBall/Content/UMGMenu/Blueprints/Notifications/Enums/ENotificationType.uasset" 240
"../../../../../../Users/Ryan/Documents/Unreal Projects/GravityBall/Content/UMGMenu/Blueprints/Notifications/Structs/SNotificationSender.uasset" 241
"../../../../../../Users/Ryan/Documents/Unreal Projects/GravityBall/Content/UMGMenu/Blueprints/BPI_INterface.uasset" 242
"../../../../../../Users/Ryan/Documents/Unreal Projects/GravityBall/Content/UMGMenu/UI/W_LoadingScreen.uasset" 243
"../../../../../../Users/Ryan/Documents/Unreal Projects/GravityBall/Content/UMGMenu/Blueprints/BP_GameInstance.uasset" 244
"../../../../../../Users/Ryan/Documents/Unreal Projects/GravityBall/Content/UMGMenu/Textures/T_Cursor.uasset" 245
"../../../../../../Users/Ryan/Documents/Unreal Projects/GravityBall/Content/UMGMenu/UI/Common/W_Cursor.uasset" 246
"../../../../../../Users/Ryan/Documents/Unreal Projects/GravityBall/Content/UMGMenu/UI/Common/W_MasterWidget.uasset" 247
"../../../../../../Users/Ryan/Documents/Unreal Projects/GravityBall/Content/UMGMenu/UI/Common/W_ParentButtons.uasset" 248
"../../../../../../Users/Ryan/Documents/Unreal Projects/GravityBall/Content/UMGMenu/UI/Common/W_ParentWidget.uasset" 249
"../../../../../../Users/Ryan/Documents/Unreal Projects/GravityBall/Content/UMGMenu/Blueprints/BPML_MacroLibrary.uasset" 250
"../../../../../../Users/Ryan/Documents/Unreal Projects/GravityBall/Content/UMGMenu/Textures/T_Arrow.uasset" 251
"../../../../../../Users/Ryan/Documents/Unreal Projects/GravityBall/Content/UMGMenu/UI/Lobby/W_LobbyButton.uasset" 252
"../../../../../../Users/Ryan/Documents/Unreal Projects/GravityBall/Content/UMGMenu/Blueprints/Structs/S_ID_Name.uasset" 253
"../../../../../../Users/Ryan/Documents/Unreal Projects/GravityBall/Content/UMGMenu/UI/Common/W_BoolButton.uasset" 254
"../../../../../../Users/Ryan/Documents/Unreal Projects/GravityBall/Content/UMGMenu/UI/Common/W_MainFrameButton.uasset" 255
"../../../../../../Users/Ryan/Documents/Unreal Projects/GravityBall/Content/UMGMenu/UI/LoadGame/W_LoadGameFrameButton.uasset" 256
"../../../../../../Users/Ryan/Documents/Unreal Projects/GravityBall/Content/UMGMenu/UI/Common/W_LiteButton.uasset" 257
"../../../../../../Users/Ryan/Documents/Unreal Projects/GravityBall/Content/UMGMenu/UI/Lobby/W_AdminMenu_PopUp.uasset" 258
"../../../../../../Users/Ryan/Documents/Unreal Projects/GravityBall/Content/UMGMenu/UI/Lobby/W_Lobby_TimerButton.uasset" 259
"../../../../../../Users/Ryan/Documents/Unreal Projects/GravityBall/Content/UMGMenu/UI/Lobby/W_LobbyFrame.uasset" 260
"../../../../../../Users/Ryan/Documents/Unreal Projects/GravityBall/Content/UMGMenu/Blueprints/Base/Lobby/BP_Lobby_PlayerController.uasset" 261
"../../../../../../Users/Ryan/Documents/Unreal Projects/GravityBall/Content/UMGMenu/Blueprints/Base/MainMenu/BP_MainMenu_Pawn.uasset" 262
"../../../../../../Users/Ryan/Documents/Unreal Projects/GravityBall/Content/UMGMenu/Blueprints/Base/Lobby/BP_Lobby_GameMode.uasset" 263
"../../../../../../Users/Ryan/Documents/Unreal Projects/GravityBall/Content/UMGMenu/Maps/Lobby.umap" 264
"../../../../../../Users/Ryan/Documents/Unreal Projects/GravityBall/Content/ThirdPersonKit/Blueprints/User_Interface/Shooting_Interface.uasset" 265
"../../../../../../Users/Ryan/Documents/Unreal Projects/GravityBall/Content/ThirdPersonKit/Textures/T_FFA_ConcreteGroundPlane_01_N.uasset" 266
"../../../../../../Users/Ryan/Documents/Unreal Projects/GravityBall/Content/ThirdPersonKit/Textures/T_Fps_Vista_Wall_D.uasset" 267
"../../../../../../Users/Ryan/Documents/Unreal Projects/GravityBall/Content/ThirdPersonKit/Textures/T_glass_2_mask.uasset" 268
"../../../../../../Users/Ryan/Documents/Unreal Projects/GravityBall/Content/ThirdPersonKit/Textures/T_glass_2_nm.uasset" 269
"../../../../../../Users/Ryan/Documents/Unreal Projects/GravityBall/Content/ThirdPersonKit/Materials/M_Metal_tiled_hex_gray_em.uasset" 270
"../../../Engine/Content/BasicShapes/Sphere.uasset" 271
"../../../../../../Users/Ryan/Documents/Unreal Projects/GravityBall/Content/Impacts/Materials/Physical_Materials/Electronics.uasset" 272
"../../../../../../Users/Ryan/Documents/Unreal Projects/GravityBall/Content/SciFiWeapDark/FX/Textures/T_Smoke_8x8_B_01.uasset" 273
"../../../../../../Users/Ryan/Documents/Unreal Projects/GravityBall/Content/SciFiWeapDark/FX/Textures/T_Spherical_NormalMap_01.uasset" 274
"../../../../../../Users/Ryan/Documents/Unreal Projects/GravityBall/Content/SciFiWeapDark/FX/Materials/M_Smoke_8x8_B_01.uasset" 275
"../../../../../../Users/Ryan/Documents/Unreal Projects/GravityBall/Content/SciFiWeapDark/FX/Materials/M_Smoke_Inst_A.uasset" 276
"../../../../../../Users/Ryan/Documents/Unreal Projects/GravityBall/Content/SciFiWeapDark/FX/Particles/P_Grenade_Trail_Light.uasset" 277
"../../../../../../Users/Ryan/Documents/Unreal Projects/GravityBall/Content/VFX_Toolkit_V1/Mat_Functions/Luos_Mask_Distorter.uasset" 278
"../../../../../../Users/Ryan/Documents/Unreal Projects/GravityBall/Content/VFX_Toolkit_V1/Textures/MergedSprites/T_PlasmaSparks_1x4_01_Mask.uasset" 279
"../../../../../../Users/Ryan/Documents/Unreal Projects/GravityBall/Content/VFX_Toolkit_V1/Textures/NoiseNormals/T_NoiseNormal_32.uasset" 280
"../../../../../../Users/Ryan/Documents/Unreal Projects/GravityBall/Content/VFX_Toolkit_V1/Materials/356Days/M_PlasmaBallCore_01.uasset" 281
"../../../../../../Users/Ryan/Documents/Unreal Projects/GravityBall/Content/VFX_Toolkit_V1/Materials/356Days/M_PlasmaBallGlass_01.uasset" 282
"../../../Engine/Content/Functions/Engine_MaterialFunctions02/Utility/Sine_Remapped.uasset" 283
"../../../../../../Users/Ryan/Documents/Unreal Projects/GravityBall/Content/VFX_Toolkit_V1/Textures/Color/T_PlasmaColor.uasset" 284
"../../../../../../Users/Ryan/Documents/Unreal Projects/GravityBall/Content/VFX_Toolkit_V1/Textures/Masks/T_PlasmaBeams_01.uasset" 285
"../../../../../../Users/Ryan/Documents/Unreal Projects/GravityBall/Content/VFX_Toolkit_V1/Textures/MergedSprites/T_PlasmaSparks_01.uasset" 286
"../../../../../../Users/Ryan/Documents/Unreal Projects/GravityBall/Content/VFX_Toolkit_V1/Materials/356Days/M_PlasmaBallSparks_02.uasset" 287
"../../../../../../Users/Ryan/Documents/Unreal Projects/GravityBall/Content/VFX_Toolkit_V1/StaticMeshes/Lightning/SM_PlasmaBallSparks_02.uasset" 288
"../../../../../../Users/Ryan/Documents/Unreal Projects/GravityBall/Content/VFX_Toolkit_V1/StaticMeshes/Spheres/SM_PlasmaBallCore_01.uasset" 289
"../../../../../../Users/Ryan/Documents/Unreal Projects/GravityBall/Content/VFX_Toolkit_V1/StaticMeshes/Spheres/SM_PlasmaBallHull_01.uasset" 290
"../../../../../../Users/Ryan/Documents/Unreal Projects/GravityBall/Content/VFX_Toolkit_V1/ParticleSystems/356Days/Par_PlasmaBall_02.uasset" 291
"../../../../../../Users/Ryan/Documents/Unreal Projects/GravityBall/Content/ThirdPersonKit/Blueprints/Main_Menu_Ball_BP.uasset" 292
"../../../../../../Users/Ryan/Documents/Unreal Projects/GravityBall/Content/GunsAndExplosions/Wavs/Explosion_12.uasset" 293
"../../../../../../Users/Ryan/Documents/Unreal Projects/GravityBall/Content/GunsAndExplosions/Cues/Explosion_12_Cue.uasset" 294
"../../../../../../Users/Ryan/Documents/Unreal Projects/GravityBall/Content/SciFiWeapDark/FX/Textures/T_Debris_Tileable_01.uasset" 295
"../../../../../../Users/Ryan/Documents/Unreal Projects/GravityBall/Content/SciFiWeapDark/FX/Textures/T_PlasmaMask_01.uasset" 296
"../../../../../../Users/Ryan/Documents/Unreal Projects/GravityBall/Content/SciFiWeapDark/FX/Materials/M_Debris_Tileable_01.uasset" 297
"../../../../../../Users/Ryan/Documents/Unreal Projects/GravityBall/Content/SciFiWeapDark/FX/Textures/T_Ember_01.uasset" 298
"../../../../../../Users/Ryan/Documents/Unreal Projects/GravityBall/Content/SciFiWeapDark/FX/Materials/M_Ember_Speed_01.uasset" 299
"../../../../../../Users/Ryan/Documents/Unreal Projects/GravityBall/Content/SciFiWeapDark/FX/Textures/T_LightRay_01.uasset" 300
"../../../../../../Users/Ryan/Documents/Unreal Projects/GravityBall/Content/SciFiWeapDark/FX/Materials/M_LightRay_01.uasset" 301
"../../../../../../Users/Ryan/Documents/Unreal Projects/GravityBall/Content/SciFiWeapDark/FX/Textures/T_RockSmall_01.uasset" 302
"../../../../../../Users/Ryan/Documents/Unreal Projects/GravityBall/Content/SciFiWeapDark/FX/Materials/M_RockSmall_01.uasset" 303
"../../../../../../Users/Ryan/Documents/Unreal Projects/GravityBall/Content/SciFiWeapDark/FX/Textures/T_Shockwave_NormalMap_01.uasset" 304
"../../../../../../Users/Ryan/Documents/Unreal Projects/GravityBall/Content/SciFiWeapDark/FX/Materials/M_Shockwave_Refraction_01.uasset" 305
"../../../../../../Users/Ryan/Documents/Unreal Projects/GravityBall/Content/SciFiWeapDark/FX/Textures/T_SmokeRibbon_01.uasset" 306
"../../../../../../Users/Ryan/Documents/Unreal Projects/GravityBall/Content/SciFiWeapDark/FX/Materials/M_SmokeRibbon_01.uasset" 307
"../../../../../../Users/Ryan/Documents/Unreal Projects/GravityBall/Content/SciFiWeapDark/FX/Textures/T_Explosion_8x8_Erode_01.uasset" 308
"../../../../../../Users/Ryan/Documents/Unreal Projects/GravityBall/Content/SciFiWeapDark/FX/Textures/T_Explosion_Density_A_01.uasset" 309
"../../../../../../Users/Ryan/Documents/Unreal Projects/GravityBall/Content/SciFiWeapDark/FX/Textures/T_Explosion_Density_A_Normals_01.uasset" 310
"../../../../../../Users/Ryan/Documents/Unreal Projects/GravityBall/Content/SciFiWeapDark/FX/Textures/T_Explosion_Heat_A_01.uasset" 311
"../../../../../../Users/Ryan/Documents/Unreal Projects/GravityBall/Content/SciFiWeapDark/FX/Textures/T_Plasma_Detail_01.uasset" 312
"../../../../../../Users/Ryan/Documents/Unreal Projects/GravityBall/Content/SciFiWeapDark/FX/Materials/M_Explosion_8x8_A_01.uasset" 313
"../../../../../../Users/Ryan/Documents/Unreal Projects/GravityBall/Content/SciFiWeapDark/FX/Materials/M_Exp_C_Dark_Inst.uasset" 314
"../../../../../../Users/Ryan/Documents/Unreal Projects/GravityBall/Content/SciFiWeapDark/FX/Materials/M_Exp_D_Dark_Inst.uasset" 315
"../../../../../../Users/Ryan/Documents/Unreal Projects/GravityBall/Content/SciFiWeapDark/FX/Textures/T_FrameClamp.uasset" 316
"../../../../../../Users/Ryan/Documents/Unreal Projects/GravityBall/Content/SciFiWeapDark/FX/Textures/T_NoiseMask_01.uasset" 317
"../../../../../../Users/Ryan/Documents/Unreal Projects/GravityBall/Content/SciFiWeapDark/FX/Textures/T_Plasma_A_01.uasset" 318
"../../../../../../Users/Ryan/Documents/Unreal Projects/GravityBall/Content/SciFiWeapDark/FX/Textures/T_Plasma_B_01.uasset" 319
"../../../../../../Users/Ryan/Documents/Unreal Projects/GravityBall/Content/SciFiWeapDark/FX/Materials/M_Plasma_01.uasset" 320
"../../../../../../Users/Ryan/Documents/Unreal Projects/GravityBall/Content/SciFiWeapDark/FX/Materials/M_Plasma_Inst_I_Dark.uasset" 321
"../../../../../../Users/Ryan/Documents/Unreal Projects/GravityBall/Content/SciFiWeapDark/FX/Particles/P_Grenade_Explosion_Dark.uasset" 322
"../../../../../../Users/Ryan/Documents/Unreal Projects/GravityBall/Content/ThirdPersonKit/Blueprints/Main_Menu_Emitter.uasset" 323
"../../../../../../Users/Ryan/Documents/Unreal Projects/GravityBall/Content/UMGMenu/Blueprints/Base/MainMenu/BP_MainMenu_GameMode.uasset" 324
"../../../../../../Users/Ryan/Documents/Unreal Projects/GravityBall/Content/UMGMenu/Maps/MainMenu_BuiltData.uasset" 325
"../../../../../../Users/Ryan/Documents/Unreal Projects/GravityBall/Content/UMGMenu/Effects/Textures/Fire/T_FireSubUV_11X11_32.uasset" 326
"../../../../../../Users/Ryan/Documents/Unreal Projects/GravityBall/Content/UMGMenu/Effects/Textures/Noise/T_TilingNoise16.uasset" 327
"../../../../../../Users/Ryan/Documents/Unreal Projects/GravityBall/Content/UMGMenu/Effects/Materials/Fire/M_Fire_SubUV_11X11_Noise.uasset" 328
"../../../Engine/Content/Functions/Engine_MaterialFunctions01/Gradient/RadialGradient.uasset" 329
"../../../../../../Users/Ryan/Documents/Unreal Projects/GravityBall/Content/UMGMenu/Effects/Textures/Noise/T_HeatTile3_N.uasset" 330
"../../../../../../Users/Ryan/Documents/Unreal Projects/GravityBall/Content/UMGMenu/Effects/Textures/Noise/T_TilingNoise03.uasset" 331
"../../../../../../Users/Ryan/Documents/Unreal Projects/GravityBall/Content/UMGMenu/Effects/Materials/Fire/M_HeatDistort.uasset" 332
"../../../../../../Users/Ryan/Documents/Unreal Projects/GravityBall/Content/UMGMenu/Effects/Textures/Flares/T_FlareRound_Noise.uasset" 333
"../../../../../../Users/Ryan/Documents/Unreal Projects/GravityBall/Content/UMGMenu/Effects/Materials/Flares/M_FlareRound.uasset" 334
"../../../../../../Users/Ryan/Documents/Unreal Projects/GravityBall/Content/UMGMenu/Effects/Textures/Noise/T_TilingNoise12.uasset" 335
"../../../../../../Users/Ryan/Documents/Unreal Projects/GravityBall/Content/UMGMenu/Effects/Textures/Snow/T_Snow01_Packed.uasset" 336
"../../../../../../Users/Ryan/Documents/Unreal Projects/GravityBall/Content/UMGMenu/Effects/Materials/Sparks/M_Spark_VelocityLerp.uasset" 337
"../../../../../../Users/Ryan/Documents/Unreal Projects/GravityBall/Content/UMGMenu/Effects/VectorFields/VF_RandomNoise_01_90.uasset" 338
"../../../../../../Users/Ryan/Documents/Unreal Projects/GravityBall/Content/UMGMenu/Effects/Particles/Fire/P_TorchFire.uasset" 339
"../../../../../../Users/Ryan/Documents/Unreal Projects/GravityBall/Content/UMGMenu/Materials/M_BasicShapeMaterial.uasset" 340
"../../../../../../Users/Ryan/Documents/Unreal Projects/GravityBall/Content/UMGMenu/Meshes/SM_Cube.uasset" 341
"../../../../../../Users/Ryan/Documents/Unreal Projects/GravityBall/Content/UMGMenu/Meshes/SM_Cylinder.uasset" 342
"../../../../../../Users/Ryan/Documents/Unreal Projects/GravityBall/Content/UMGMenu/Meshes/SM_Sphere.uasset" 343
"../../../../../../Users/Ryan/Documents/Unreal Projects/GravityBall/Content/UMGMenu/Miscs/MenuLevelSequence.uasset" 344
"../../../Engine/Content/EngineSounds/Master.uasset" 345
"../../../../../../Users/Ryan/Documents/Unreal Projects/GravityBall/Content/UMGMenu/Music/SoundClasses/SC_Dialoges.uasset" 346
"../../../../../../Users/Ryan/Documents/Unreal Projects/GravityBall/Content/UMGMenu/Music/SoundClasses/SC_Effects.uasset" 347
"../../../../../../Users/Ryan/Documents/Unreal Projects/GravityBall/Content/UMGMenu/Music/SoundClasses/SC_Example1.uasset" 348
"../../../../../../Users/Ryan/Documents/Unreal Projects/GravityBall/Content/UMGMenu/Music/SoundClasses/SC_Example2.uasset" 349
"../../../../../../Users/Ryan/Documents/Unreal Projects/GravityBall/Content/UMGMenu/Music/SoundClasses/SC_Master.uasset" 350
"../../../../../../Users/Ryan/Documents/Unreal Projects/GravityBall/Content/UMGMenu/Music/SoundClasses/SC_Ambient.uasset" 351
"../../../../../../Users/Ryan/Documents/Unreal Projects/GravityBall/Content/UMGMenu/Music/SoundClasses/MIx_SoundMix.uasset" 352
"../../../../../../Users/Ryan/Documents/Unreal Projects/GravityBall/Content/UMGMenu/Music/SoundClasses/SC_Music.uasset" 353
"../../../../../../Users/Ryan/Documents/Unreal Projects/GravityBall/Content/UMGMenu/Music/Waves/A_Background_01.uasset" 354
"../../../../../../Users/Ryan/Documents/Unreal Projects/GravityBall/Content/UMGMenu/Music/Waves/A_Background_02.uasset" 355
"../../../../../../Users/Ryan/Documents/Unreal Projects/GravityBall/Content/UMGMenu/Music/Waves/A_Background_03.uasset" 356
"../../../../../../Users/Ryan/Documents/Unreal Projects/GravityBall/Content/UMGMenu/Music/Waves/A_Background_04.uasset" 357
"../../../../../../Users/Ryan/Documents/Unreal Projects/GravityBall/Content/UMGMenu/Music/Waves/A_Background_05.uasset" 358
"../../../../../../Users/Ryan/Documents/Unreal Projects/GravityBall/Content/UMGMenu/Music/Waves/A_Background_06.uasset" 359
"../../../../../../Users/Ryan/Documents/Unreal Projects/GravityBall/Content/UMGMenu/Music/Cues/A_Background_01_Cue.uasset" 360
"../../../../../../Users/Ryan/Documents/Unreal Projects/GravityBall/Content/UMGMenu/UI/Common/WarningFrame/W_WarningFrameButton.uasset" 361
"../../../../../../Users/Ryan/Documents/Unreal Projects/GravityBall/Content/UMGMenu/UI/Common/WarningFrame/W_WarningFrame.uasset" 362
"../../../../../../Users/Ryan/Documents/Unreal Projects/GravityBall/Content/UMGMenu/Blueprints/CreditsRoll/Structs/SImage.uasset" 363
"../../../../../../Users/Ryan/Documents/Unreal Projects/GravityBall/Content/UMGMenu/Blueprints/CreditsRoll/Structs/SStyle.uasset" 364
"../../../../../../Users/Ryan/Documents/Unreal Projects/GravityBall/Content/UMGMenu/Blueprints/CreditsRoll/Structs/SProperties.uasset" 365
"../../../../../../Users/Ryan/Documents/Unreal Projects/GravityBall/Content/UMGMenu/Blueprints/CreditsRoll/Structs/SArtists.uasset" 366
"../../../../../../Users/Ryan/Documents/Unreal Projects/GravityBall/Content/UMGMenu/Blueprints/CreditsRoll/Structs/SRoles.uasset" 367
"../../../../../../Users/Ryan/Documents/Unreal Projects/GravityBall/Content/UMGMenu/Blueprints/CreditsRoll/Structs/SGroups.uasset" 368
"../../../../../../Users/Ryan/Documents/Unreal Projects/GravityBall/Content/UMGMenu/Textures/T_CR.uasset" 369
"../../../../../../Users/Ryan/Documents/Unreal Projects/GravityBall/Content/UMGMenu/Miscs/CreditsRoll/DT_Credits.uasset" 370
"../../../../../../Users/Ryan/Documents/Unreal Projects/GravityBall/Content/UMGMenu/UI/Extra/CreditsRoll/W_Artist.uasset" 371
"../../../../../../Users/Ryan/Documents/Unreal Projects/GravityBall/Content/UMGMenu/UI/Extra/CreditsRoll/W_Role.uasset" 372
"../../../../../../Users/Ryan/Documents/Unreal Projects/GravityBall/Content/UMGMenu/UI/Extra/CreditsRoll/W_Group.uasset" 373
"../../../../../../Users/Ryan/Documents/Unreal Projects/GravityBall/Content/UMGMenu/UI/Extra/CreditsRoll/W_CreditsRoll.uasset" 374
"../../../../../../Users/Ryan/Documents/Unreal Projects/GravityBall/Content/UMGMenu/UI/Extra/W_ExtraFrame.uasset" 375
"../../../../../../Users/Ryan/Documents/Unreal Projects/GravityBall/Content/UMGMenu/UI/Common/W_SliderButton.uasset" 376
"../../../../../../Users/Ryan/Documents/Unreal Projects/GravityBall/Content/UMGMenu/UI/Common/W_SwitchButton.uasset" 377
"../../../../../../Users/Ryan/Documents/Unreal Projects/GravityBall/Content/UMGMenu/UI/LoadGame/PopUp/W_LoadGameFrame_PopUpButton.uasset" 378
"../../../../../../Users/Ryan/Documents/Unreal Projects/GravityBall/Content/UMGMenu/UI/LoadGame/PopUp/W_LoadGameFrame_PopUp.uasset" 379
"../../../../../../Users/Ryan/Documents/Unreal Projects/GravityBall/Content/UMGMenu/UI/LoadGame/W_LoadGameFrame.uasset" 380
"../../../../../../Users/Ryan/Documents/Unreal Projects/GravityBall/Content/UMGMenu/UI/MainMenu/W_MainFrame.uasset" 381
"../../../../../../Users/Ryan/Documents/Unreal Projects/GravityBall/Content/UMGMenu/UI/Multiplayer/W_CreateSessionFrame.uasset" 382
"../../../../../../Users/Ryan/Documents/Unreal Projects/GravityBall/Content/UMGMenu/UI/Multiplayer/W_FindSessionButton.uasset" 383
"../../../../../../Users/Ryan/Documents/Unreal Projects/GravityBall/Content/UMGMenu/UI/Common/W_TimerButton.uasset" 384
"../../../../../../Users/Ryan/Documents/Unreal Projects/GravityBall/Content/UMGMenu/UI/Multiplayer/W_JoinSession_PopUp.uasset" 385
"../../../../../../Users/Ryan/Documents/Unreal Projects/GravityBall/Content/UMGMenu/UI/Multiplayer/W_FindSessionFrame.uasset" 386
"../../../../../../Users/Ryan/Documents/Unreal Projects/GravityBall/Content/UMGMenu/UI/Multiplayer/W_MultiplayerFrame.uasset" 387
"../../../../../../Users/Ryan/Documents/Unreal Projects/GravityBall/Content/UMGMenu/UI/Settings/WarningFrame/W_TimerWarningFrameButton.uasset" 388
"../../../../../../Users/Ryan/Documents/Unreal Projects/GravityBall/Content/UMGMenu/UI/Settings/WarningFrame/W_TimerWarningFrame.uasset" 389
"../../../../../../Users/Ryan/Documents/Unreal Projects/GravityBall/Content/UMGMenu/UI/Settings/Brighness/W_Setting_BrightnessFrame.uasset" 390
"../../../../../../Users/Ryan/Documents/Unreal Projects/GravityBall/Content/UMGMenu/UI/Settings/Controls/W_Setting_ControlsFrame.uasset" 391
"../../../../../../Users/Ryan/Documents/Unreal Projects/GravityBall/Content/UMGMenu/UI/Settings/Display/W_Setting_DisplayFrame.uasset" 392
"../../../../../../Users/Ryan/Documents/Unreal Projects/GravityBall/Content/UMGMenu/UI/Settings/EnterName/W_KeyboardButton.uasset" 393
"../../../../../../Users/Ryan/Documents/Unreal Projects/GravityBall/Content/UMGMenu/UI/Settings/EnterName/W_Keyboard.uasset" 394
"../../../../../../Users/Ryan/Documents/Unreal Projects/GravityBall/Content/UMGMenu/UI/Settings/EnterName/W_Setting_PlayerNameFrame.uasset" 395
"../../../../../../Users/Ryan/Documents/Unreal Projects/GravityBall/Content/UMGMenu/Textures/Icons_PS4/T_PS4_Circle.uasset" 396
"../../../../../../Users/Ryan/Documents/Unreal Projects/GravityBall/Content/UMGMenu/Textures/Icons_PS4/T_PS4_Cross.uasset" 397
"../../../../../../Users/Ryan/Documents/Unreal Projects/GravityBall/Content/UMGMenu/Textures/Icons_PS4/T_PS4_Dpad_Down.uasset" 398
"../../../../../../Users/Ryan/Documents/Unreal Projects/GravityBall/Content/UMGMenu/Textures/Icons_PS4/T_PS4_Dpad_Left.uasset" 399
"../../../../../../Users/Ryan/Documents/Unreal Projects/GravityBall/Content/UMGMenu/Textures/Icons_PS4/T_PS4_Dpad_Right.uasset" 400
"../../../../../../Users/Ryan/Documents/Unreal Projects/GravityBall/Content/UMGMenu/Textures/Icons_PS4/T_PS4_Dpad_Up.uasset" 401
"../../../../../../Users/Ryan/Documents/Unreal Projects/GravityBall/Content/UMGMenu/Textures/Icons_PS4/T_PS4_L1.uasset" 402
"../../../../../../Users/Ryan/Documents/Unreal Projects/GravityBall/Content/UMGMenu/Textures/Icons_PS4/T_PS4_L2.uasset" 403
"../../../../../../Users/Ryan/Documents/Unreal Projects/GravityBall/Content/UMGMenu/Textures/Icons_PS4/T_PS4_Options.uasset" 404
"../../../../../../Users/Ryan/Documents/Unreal Projects/GravityBall/Content/UMGMenu/Textures/Icons_PS4/T_PS4_R1.uasset" 405
"../../../../../../Users/Ryan/Documents/Unreal Projects/GravityBall/Content/UMGMenu/Textures/Icons_PS4/T_PS4_R2.uasset" 406
"../../../../../../Users/Ryan/Documents/Unreal Projects/GravityBall/Content/UMGMenu/Textures/Icons_PS4/T_PS4_Share.uasset" 407
"../../../../../../Users/Ryan/Documents/Unreal Projects/GravityBall/Content/UMGMenu/Textures/Icons_PS4/T_PS4_Square.uasset" 408
"../../../../../../Users/Ryan/Documents/Unreal Projects/GravityBall/Content/UMGMenu/Textures/Icons_PS4/T_PS4_Triangle.uasset" 409
"../../../../../../Users/Ryan/Documents/Unreal Projects/GravityBall/Content/UMGMenu/Textures/Icons_XboxOne/T_XboxOne_A.uasset" 410
"../../../../../../Users/Ryan/Documents/Unreal Projects/GravityBall/Content/UMGMenu/Textures/Icons_XboxOne/T_XboxOne_B.uasset" 411
"../../../../../../Users/Ryan/Documents/Unreal Projects/GravityBall/Content/UMGMenu/Textures/Icons_XboxOne/T_XboxOne_Dpad_Down.uasset" 412
"../../../../../../Users/Ryan/Documents/Unreal Projects/GravityBall/Content/UMGMenu/Textures/Icons_XboxOne/T_XboxOne_Dpad_Left.uasset" 413
"../../../../../../Users/Ryan/Documents/Unreal Projects/GravityBall/Content/UMGMenu/Textures/Icons_XboxOne/T_XboxOne_Dpad_Right.uasset" 414
"../../../../../../Users/Ryan/Documents/Unreal Projects/GravityBall/Content/UMGMenu/Textures/Icons_XboxOne/T_XboxOne_Dpad_Up.uasset" 415
"../../../../../../Users/Ryan/Documents/Unreal Projects/GravityBall/Content/UMGMenu/Textures/Icons_XboxOne/T_XboxOne_LB.uasset" 416
"../../../../../../Users/Ryan/Documents/Unreal Projects/GravityBall/Content/UMGMenu/Textures/Icons_XboxOne/T_XboxOne_Left_Stick.uasset" 417
"../../../../../../Users/Ryan/Documents/Unreal Projects/GravityBall/Content/UMGMenu/Textures/Icons_XboxOne/T_XboxOne_Left_Stick_Down.uasset" 418
"../../../../../../Users/Ryan/Documents/Unreal Projects/GravityBall/Content/UMGMenu/Textures/Icons_XboxOne/T_XboxOne_Left_Stick_Left.uasset" 419
"../../../../../../Users/Ryan/Documents/Unreal Projects/GravityBall/Content/UMGMenu/Textures/Icons_XboxOne/T_XboxOne_Left_Stick_Right.uasset" 420
"../../../../../../Users/Ryan/Documents/Unreal Projects/GravityBall/Content/UMGMenu/Textures/Icons_XboxOne/T_XboxOne_Left_Stick_Up.uasset" 421
"../../../../../../Users/Ryan/Documents/Unreal Projects/GravityBall/Content/UMGMenu/Textures/Icons_XboxOne/T_XboxOne_Left_Stick_XAxis.uasset" 422
"../../../../../../Users/Ryan/Documents/Unreal Projects/GravityBall/Content/UMGMenu/Textures/Icons_XboxOne/T_XboxOne_Left_Stick_YAxis.uasset" 423
"../../../../../../Users/Ryan/Documents/Unreal Projects/GravityBall/Content/UMGMenu/Textures/Icons_XboxOne/T_XboxOne_LT.uasset" 424
"../../../../../../Users/Ryan/Documents/Unreal Projects/GravityBall/Content/UMGMenu/Textures/Icons_XboxOne/T_XboxOne_Menu.uasset" 425
"../../../../../../Users/Ryan/Documents/Unreal Projects/GravityBall/Content/UMGMenu/Textures/Icons_XboxOne/T_XboxOne_RB.uasset" 426
"../../../../../../Users/Ryan/Documents/Unreal Projects/GravityBall/Content/UMGMenu/Textures/Icons_XboxOne/T_XboxOne_Right_Stick.uasset" 427
"../../../../../../Users/Ryan/Documents/Unreal Projects/GravityBall/Content/UMGMenu/Textures/Icons_XboxOne/T_XboxOne_Right_Stick_Down.uasset" 428
"../../../../../../Users/Ryan/Documents/Unreal Projects/GravityBall/Content/UMGMenu/Textures/Icons_XboxOne/T_XboxOne_Right_Stick_Left.uasset" 429
"../../../../../../Users/Ryan/Documents/Unreal Projects/GravityBall/Content/UMGMenu/Textures/Icons_XboxOne/T_XboxOne_Right_Stick_Right.uasset" 430
"../../../../../../Users/Ryan/Documents/Unreal Projects/GravityBall/Content/UMGMenu/Textures/Icons_XboxOne/T_XboxOne_Right_Stick_Up.uasset" 431
"../../../../../../Users/Ryan/Documents/Unreal Projects/GravityBall/Content/UMGMenu/Textures/Icons_XboxOne/T_XboxOne_Right_Stick_XAxis.uasset" 432
"../../../../../../Users/Ryan/Documents/Unreal Projects/GravityBall/Content/UMGMenu/Textures/Icons_XboxOne/T_XboxOne_Right_Stick_YAxis.uasset" 433
"../../../../../../Users/Ryan/Documents/Unreal Projects/GravityBall/Content/UMGMenu/Textures/Icons_XboxOne/T_XboxOne_RT.uasset" 434
"../../../../../../Users/Ryan/Documents/Unreal Projects/GravityBall/Content/UMGMenu/Textures/Icons_XboxOne/T_XboxOne_Windows.uasset" 435
"../../../../../../Users/Ryan/Documents/Unreal Projects/GravityBall/Content/UMGMenu/Textures/Icons_XboxOne/T_XboxOne_X.uasset" 436
"../../../../../../Users/Ryan/Documents/Unreal Projects/GravityBall/Content/UMGMenu/Textures/Icons_XboxOne/T_XboxOne_Y.uasset" 437
"../../../../../../Users/Ryan/Documents/Unreal Projects/GravityBall/Content/UMGMenu/Miscs/DT_InputKeys_GamePad.uasset" 438
"../../../../../../Users/Ryan/Documents/Unreal Projects/GravityBall/Content/UMGMenu/Textures/Icons_Keyboard/T_Blank_Black_Normal.uasset" 439
"../../../../../../Users/Ryan/Documents/Unreal Projects/GravityBall/Content/UMGMenu/Textures/Icons_Keyboard/T_Keyboard_Black_Alt.uasset" 440
"../../../../../../Users/Ryan/Documents/Unreal Projects/GravityBall/Content/UMGMenu/Textures/Icons_Keyboard/T_Keyboard_Black_Arrow_Down.uasset" 441
"../../../../../../Users/Ryan/Documents/Unreal Projects/GravityBall/Content/UMGMenu/Textures/Icons_Keyboard/T_Keyboard_Black_Arrow_Left.uasset" 442
"../../../../../../Users/Ryan/Documents/Unreal Projects/GravityBall/Content/UMGMenu/Textures/Icons_Keyboard/T_Keyboard_Black_Arrow_Right.uasset" 443
"../../../../../../Users/Ryan/Documents/Unreal Projects/GravityBall/Content/UMGMenu/Textures/Icons_Keyboard/T_Keyboard_Black_Arrow_Up.uasset" 444
"../../../../../../Users/Ryan/Documents/Unreal Projects/GravityBall/Content/UMGMenu/Textures/Icons_Keyboard/T_Keyboard_Black_Backspace.uasset" 445
"../../../../../../Users/Ryan/Documents/Unreal Projects/GravityBall/Content/UMGMenu/Textures/Icons_Keyboard/T_Keyboard_Black_Caps_Lock.uasset" 446
"../../../../../../Users/Ryan/Documents/Unreal Projects/GravityBall/Content/UMGMenu/Textures/Icons_Keyboard/T_Keyboard_Black_Ctrl.uasset" 447
"../../../../../../Users/Ryan/Documents/Unreal Projects/GravityBall/Content/UMGMenu/Textures/Icons_Keyboard/T_Keyboard_Black_Enter.uasset" 448
"../../../../../../Users/Ryan/Documents/Unreal Projects/GravityBall/Content/UMGMenu/Textures/Icons_Keyboard/T_Keyboard_Black_Esc.uasset" 449
"../../../../../../Users/Ryan/Documents/Unreal Projects/GravityBall/Content/UMGMenu/Textures/Icons_Keyboard/T_Keyboard_Black_F5.uasset" 450
"../../../../../../Users/Ryan/Documents/Unreal Projects/GravityBall/Content/UMGMenu/Textures/Icons_Keyboard/T_Keyboard_Black_F9.uasset" 451
"../../../../../../Users/Ryan/Documents/Unreal Projects/GravityBall/Content/UMGMenu/Textures/Icons_Keyboard/T_Keyboard_Black_Mouse_Left.uasset" 452
"../../../../../../Users/Ryan/Documents/Unreal Projects/GravityBall/Content/UMGMenu/Textures/Icons_Keyboard/T_Keyboard_Black_Mouse_Middle.uasset" 453
"../../../../../../Users/Ryan/Documents/Unreal Projects/GravityBall/Content/UMGMenu/Textures/Icons_Keyboard/T_Keyboard_Black_Mouse_Middle_Axis.uasset" 454
"../../../../../../Users/Ryan/Documents/Unreal Projects/GravityBall/Content/UMGMenu/Textures/Icons_Keyboard/T_Keyboard_Black_Mouse_Middle_Down.uasset" 455
"../../../../../../Users/Ryan/Documents/Unreal Projects/GravityBall/Content/UMGMenu/Textures/Icons_Keyboard/T_Keyboard_Black_Mouse_Middle_Up.uasset" 456
"../../../../../../Users/Ryan/Documents/Unreal Projects/GravityBall/Content/UMGMenu/Textures/Icons_Keyboard/T_Keyboard_Black_Mouse_Right.uasset" 457
"../../../../../../Users/Ryan/Documents/Unreal Projects/GravityBall/Content/UMGMenu/Textures/Icons_Keyboard/T_Keyboard_Black_Mouse_Simple_XAxis.uasset" 458
"../../../../../../Users/Ryan/Documents/Unreal Projects/GravityBall/Content/UMGMenu/Textures/Icons_Keyboard/T_Keyboard_Black_Mouse_Simple_YAxis.uasset" 459
"../../../../../../Users/Ryan/Documents/Unreal Projects/GravityBall/Content/UMGMenu/Textures/Icons_Keyboard/T_Keyboard_Black_Shift.uasset" 460
"../../../../../../Users/Ryan/Documents/Unreal Projects/GravityBall/Content/UMGMenu/Textures/Icons_Keyboard/T_Keyboard_Black_Space.uasset" 461
"../../../../../../Users/Ryan/Documents/Unreal Projects/GravityBall/Content/UMGMenu/Textures/Icons_Keyboard/T_Keyboard_Black_Tab.uasset" 462
"../../../../../../Users/Ryan/Documents/Unreal Projects/GravityBall/Content/UMGMenu/Miscs/DT_InputKeys_Keyboards.uasset" 463
"../../../../../../Users/Ryan/Documents/Unreal Projects/GravityBall/Content/UMGMenu/Materials/M_InputKeys.uasset" 464
"../../../../../../Users/Ryan/Documents/Unreal Projects/GravityBall/Content/UMGMenu/UI/Settings/KeysBinding/W_KeysButton.uasset" 465
"../../../../../../Users/Ryan/Documents/Unreal Projects/GravityBall/Content/UMGMenu/UI/Settings/KeysBinding/W_Setting_KeysFrame.uasset" 466
"../../../../../../Users/Ryan/Documents/Unreal Projects/GravityBall/Content/UMGMenu/UI/Settings/Quality/W_Setting_QualityFrame.uasset" 467
"../../../../../../Users/Ryan/Documents/Unreal Projects/GravityBall/Content/UMGMenu/UI/Settings/Sound/W_Setting_SoundFrame.uasset" 468
"../../../../../../Users/Ryan/Documents/Unreal Projects/GravityBall/Content/UMGMenu/UI/Settings/W_SettingsFrame.uasset" 469
"../../../../../../Users/Ryan/Documents/Unreal Projects/GravityBall/Content/CSHUD_Crosshair/DemoContent/DemoRoom/Textures/T_UE4_Logo_M.uasset" 470
"../../../../../../Users/Ryan/Documents/Unreal Projects/GravityBall/Content/CSHUD_Crosshair/DemoContent/DemoRoom/Materials/M_UE4_Logo_2.uasset" 471
"../../../../../../Users/Ryan/Documents/Unreal Projects/GravityBall/Content/ThirdPersonKit/Textures/T_action_camera_icon.uasset" 472
"../../../../../../Users/Ryan/Documents/Unreal Projects/GravityBall/Content/ThirdPersonKit/Materials/M_Camera_Icon.uasset" 473
"../../../Engine/Content/Functions/MaterialLayerFunctions/MatLayerBlend_Standard.uasset" 474
"../../../../../../Users/Ryan/Documents/Unreal Projects/GravityBall/Content/ThirdPersonKit/Textures/T_Perlin_Noise_M.uasset" 475
"../../../../../../Users/Ryan/Documents/Unreal Projects/GravityBall/Content/ThirdPersonKit/Materials/MF_Dissolve.uasset" 476
"../../../../../../Users/Ryan/Documents/Unreal Projects/GravityBall/Content/ThirdPersonKit/Materials/MF_MatLayerBlend_no_normal.uasset" 477
"../../../../../../Users/Ryan/Documents/Unreal Projects/GravityBall/Content/ThirdPersonKit/Materials/MF_Hide_with_dissolve.uasset" 478
"../../../../../../Users/Ryan/Documents/Unreal Projects/GravityBall/Content/ThirdPersonKit/Textures/T_FFA_Detail_01_N.uasset" 479
"../../../../../../Users/Ryan/Documents/Unreal Projects/GravityBall/Content/ThirdPersonKit/Textures/T_Railings_01_M.uasset" 480
"../../../../../../Users/Ryan/Documents/Unreal Projects/GravityBall/Content/ThirdPersonKit/Textures/T_Railings_01_N.uasset" 481
"../../../../../../Users/Ryan/Documents/Unreal Projects/GravityBall/Content/ThirdPersonKit/Materials/M_Eyes_Glass_dissolve.uasset" 482
"../../../../../../Users/Ryan/Documents/Unreal Projects/GravityBall/Content/ThirdPersonKit/Textures/T_Treasure_Chest_M.uasset" 483
"../../../../../../Users/Ryan/Documents/Unreal Projects/GravityBall/Content/ThirdPersonKit/Textures/T_Treasure_Chest_N.uasset" 484
"../../../../../../Users/Ryan/Documents/Unreal Projects/GravityBall/Content/ThirdPersonKit/Materials/M_Treasure_Chest.uasset" 485
"../../../../../../Users/Ryan/Documents/Unreal Projects/GravityBall/Content/StarterContent/Particles/Materials/M_Radial_Gradient.uasset" 486
"../../../../../../Users/Ryan/Documents/Unreal Projects/GravityBall/Content/StarterContent/Textures/T_Smoke_SubUV.uasset" 487
"../../../../../../Users/Ryan/Documents/Unreal Projects/GravityBall/Content/StarterContent/Textures/T_Smoke_Tiled_D.uasset" 488
"../../../../../../Users/Ryan/Documents/Unreal Projects/GravityBall/Content/StarterContent/Particles/Materials/M_smoke_subUV.uasset" 489
"../../../../../../Users/Ryan/Documents/Unreal Projects/GravityBall/Content/StarterContent/Textures/T_Spark_Core.uasset" 490
"../../../../../../Users/Ryan/Documents/Unreal Projects/GravityBall/Content/StarterContent/Particles/Materials/M_Spark.uasset" 491
"../../../../../../Users/Ryan/Documents/Unreal Projects/GravityBall/Content/StarterContent/Particles/P_Sparks.uasset" 492
"../../../../../../Users/Ryan/Documents/Unreal Projects/GravityBall/Content/ThirdPersonKit/Textures/T_Caustics_2.uasset" 493
"../../../../../../Users/Ryan/Documents/Unreal Projects/GravityBall/Content/ThirdPersonKit/Textures/T_Smoke2_Tile.uasset" 494
"../../../../../../Users/Ryan/Documents/Unreal Projects/GravityBall/Content/ThirdPersonKit/Materials/M_attentuation_sphere_01.uasset" 495
"../../../../../../Users/Ryan/Documents/Unreal Projects/GravityBall/Content/ThirdPersonKit/Meshes/SM_Attenuation_sphere_01.uasset" 496
"../../../../../../Users/Ryan/Documents/Unreal Projects/GravityBall/Content/ThirdPersonKit/Particles/P_attenuation_sphere.uasset" 497
"../../../../../../Users/Ryan/Documents/Unreal Projects/GravityBall/Content/ThirdPersonKit/Materials/M_beam_ramp.uasset" 498
"../../../../../../Users/Ryan/Documents/Unreal Projects/GravityBall/Content/ThirdPersonKit/Materials/M_radial_ramp.uasset" 499
"../../../../../../Users/Ryan/Documents/Unreal Projects/GravityBall/Content/ThirdPersonKit/Particles/P_electricity_arc.uasset" 500
"../../../../../../Users/Ryan/Documents/Unreal Projects/GravityBall/Content/UMGMenu/Blueprints/Structs/S_BallSkins.uasset" 501
"../../../../../../Users/Ryan/Documents/Unreal Projects/GravityBall/Content/UMGMenu/Blueprints/Structs/D_Ball_Skin.uasset" 502
"../../../../../../Users/Ryan/Documents/Unreal Projects/GravityBall/Content/GunsAndExplosions/Wavs/Cannon_Shot_2.uasset" 503
"../../../../../../Users/Ryan/Documents/Unreal Projects/GravityBall/Content/GunsAndExplosions/Cues/Cannon_Shot_2_Cue.uasset" 504
"../../../../../../Users/Ryan/Documents/Unreal Projects/GravityBall/Content/GunsAndExplosions/Wavs/Flare_gun_6-2.uasset" 505
"../../../../../../Users/Ryan/Documents/Unreal Projects/GravityBall/Content/GunsAndExplosions/Cues/Flare_gun_6-2_Cue.uasset" 506
"../../../../../../Users/Ryan/Documents/Unreal Projects/GravityBall/Content/GunsAndExplosions/Wavs/Laser_Cannon_1_-_Rocket_launch.uasset" 507
"../../../../../../Users/Ryan/Documents/Unreal Projects/GravityBall/Content/GunsAndExplosions/Cues/Laser_Cannon_1_-_Rocket_launch_Cue.uasset" 508
"../../../../../../Users/Ryan/Documents/Unreal Projects/GravityBall/Content/GunsAndExplosions/Wavs/Railgun__Heavy_Artillery__Explosion_-_Impact_4.uasset" 509
"../../../../../../Users/Ryan/Documents/Unreal Projects/GravityBall/Content/GunsAndExplosions/Cues/Railgun__Heavy_Artillery__Explosion_-_Impact_4_Cue.uasset" 510
"../../../../../../Users/Ryan/Documents/Unreal Projects/GravityBall/Content/SciFiWeapDark/FX/Materials/M_Exp_C_Light_Inst.uasset" 511
"../../../../../../Users/Ryan/Documents/Unreal Projects/GravityBall/Content/SciFiWeapDark/FX/Materials/M_Exp_D_Light_Inst.uasset" 512
"../../../../../../Users/Ryan/Documents/Unreal Projects/GravityBall/Content/SciFiWeapDark/FX/Particles/P_Grenade_Explosion_Light.uasset" 513
"../../../../../../Users/Ryan/Documents/Unreal Projects/GravityBall/Content/SciFiWeapDark/FX/Textures/T_ShockwaveGlow_01.uasset" 514
"../../../../../../Users/Ryan/Documents/Unreal Projects/GravityBall/Content/SciFiWeapDark/FX/Materials/M_Shockwave_01.uasset" 515
"../../../../../../Users/Ryan/Documents/Unreal Projects/GravityBall/Content/SciFiWeapDark/FX/Textures/T_Pistol_Streaks_01.uasset" 516
"../../../../../../Users/Ryan/Documents/Unreal Projects/GravityBall/Content/SciFiWeapDark/FX/Materials/M_Pistol_Streaks_01.uasset" 517
"../../../../../../Users/Ryan/Documents/Unreal Projects/GravityBall/Content/SciFiWeapDark/FX/Textures/T_Sparks_02.uasset" 518
"../../../../../../Users/Ryan/Documents/Unreal Projects/GravityBall/Content/SciFiWeapDark/FX/Materials/M_Sparks_02.uasset" 519
"../../../../../../Users/Ryan/Documents/Unreal Projects/GravityBall/Content/SciFiWeapDark/FX/Meshes/St_Shockwave_01.uasset" 520
"../../../../../../Users/Ryan/Documents/Unreal Projects/GravityBall/Content/SciFiWeapDark/FX/Particles/P_RocketLauncher_Explosion_Light.uasset" 521
"../../../../../../Users/Ryan/Documents/Unreal Projects/GravityBall/Content/ThirdPersonKit/Textures/T_Burst_M.uasset" 522
"../../../../../../Users/Ryan/Documents/Unreal Projects/GravityBall/Content/ThirdPersonKit/Materials/M_Burst.uasset" 523
"../../../../../../Users/Ryan/Documents/Unreal Projects/GravityBall/Content/ThirdPersonKit/Textures/T_Explosion_SubUV.uasset" 524
"../../../../../../Users/Ryan/Documents/Unreal Projects/GravityBall/Content/ThirdPersonKit/Materials/M_explosion_subUV.uasset" 525
"../../../../../../Users/Ryan/Documents/Unreal Projects/GravityBall/Content/ThirdPersonKit/Materials/m_flare_01.uasset" 526
"../../../../../../Users/Ryan/Documents/Unreal Projects/GravityBall/Content/ThirdPersonKit/Textures/T_Smoke_SubUV.uasset" 527
"../../../../../../Users/Ryan/Documents/Unreal Projects/GravityBall/Content/ThirdPersonKit/Textures/T_Smoke_Tiled_D.uasset" 528
"../../../../../../Users/Ryan/Documents/Unreal Projects/GravityBall/Content/ThirdPersonKit/Materials/M_smoke_subUV.uasset" 529
"../../../../../../Users/Ryan/Documents/Unreal Projects/GravityBall/Content/ThirdPersonKit/Particles/P_Explosion.uasset" 530
"../../../../../../Users/Ryan/Documents/Unreal Projects/GravityBall/Content/UMGMenu/Blueprints/Structs/S_Goal_FX.uasset" 531
"../../../../../../Users/Ryan/Documents/Unreal Projects/GravityBall/Content/UMGMenu/Blueprints/Structs/DT_Goal_FX.uasset" 532
"../../../../../../Users/Ryan/Documents/Unreal Projects/GravityBall/Content/UMGMenu/UI/Singleplayer/W_SingleplayerFrame.uasset" 533
"../../../../../../Users/Ryan/Documents/Unreal Projects/GravityBall/Content/UMGMenu/UI/MainMenu/W_MainMenu.uasset" 534
"../../../../../../Users/Ryan/Documents/Unreal Projects/GravityBall/Content/UMGMenu/Maps/MainMenu.umap" 535
"../../../Engine/Content/Maps/Entry_BuiltData.uasset" 536
"../../../Engine/Content/Maps/Entry.umap" 537
